{"/Users/janicelam/Hackreactor/reservly/reviews/client/src/components/App.jsx": {"path":"/Users/janicelam/Hackreactor/reservly/reviews/client/src/components/App.jsx","statementMap":{"0":{"start":{"line":9,"column":4},"end":{"line":9,"column":12}},"1":{"start":{"line":10,"column":4},"end":{"line":17,"column":6}},"2":{"start":{"line":18,"column":4},"end":{"line":18,"column":25}},"3":{"start":{"line":19,"column":4},"end":{"line":19,"column":22}},"4":{"start":{"line":20,"column":4},"end":{"line":20,"column":27}},"5":{"start":{"line":21,"column":4},"end":{"line":21,"column":55}},"6":{"start":{"line":22,"column":4},"end":{"line":22,"column":67}},"7":{"start":{"line":23,"column":4},"end":{"line":23,"column":65}},"8":{"start":{"line":24,"column":4},"end":{"line":24,"column":65}},"9":{"start":{"line":28,"column":4},"end":{"line":28,"column":25}},"10":{"start":{"line":32,"column":27},"end":{"line":32,"column":37}},"11":{"start":{"line":33,"column":4},"end":{"line":50,"column":9}},"12":{"start":{"line":35,"column":8},"end":{"line":35,"column":49}},"13":{"start":{"line":36,"column":8},"end":{"line":46,"column":13}},"14":{"start":{"line":42,"column":12},"end":{"line":42,"column":58}},"15":{"start":{"line":45,"column":12},"end":{"line":45,"column":31}},"16":{"start":{"line":49,"column":8},"end":{"line":49,"column":27}},"17":{"start":{"line":54,"column":4},"end":{"line":57,"column":5}},"18":{"start":{"line":55,"column":6},"end":{"line":55,"column":30}},"19":{"start":{"line":56,"column":6},"end":{"line":56,"column":23}},"20":{"start":{"line":58,"column":4},"end":{"line":58,"column":27}},"21":{"start":{"line":60,"column":4},"end":{"line":62,"column":5}},"22":{"start":{"line":61,"column":6},"end":{"line":61,"column":29}},"23":{"start":{"line":63,"column":4},"end":{"line":63,"column":29}},"24":{"start":{"line":65,"column":4},"end":{"line":68,"column":5}},"25":{"start":{"line":66,"column":6},"end":{"line":66,"column":31}},"26":{"start":{"line":67,"column":6},"end":{"line":67,"column":25}},"27":{"start":{"line":69,"column":4},"end":{"line":69,"column":27}},"28":{"start":{"line":71,"column":27},"end":{"line":71,"column":37}},"29":{"start":{"line":72,"column":4},"end":{"line":84,"column":9}},"30":{"start":{"line":80,"column":8},"end":{"line":80,"column":53}},"31":{"start":{"line":83,"column":8},"end":{"line":83,"column":27}},"32":{"start":{"line":88,"column":4},"end":{"line":88,"column":52}},"33":{"start":{"line":89,"column":19},"end":{"line":89,"column":21}},"34":{"start":{"line":90,"column":4},"end":{"line":94,"column":5}},"35":{"start":{"line":91,"column":6},"end":{"line":91,"column":40}},"36":{"start":{"line":93,"column":6},"end":{"line":93,"column":28}},"37":{"start":{"line":95,"column":4},"end":{"line":95,"column":56}},"38":{"start":{"line":99,"column":27},"end":{"line":99,"column":37}},"39":{"start":{"line":101,"column":4},"end":{"line":101,"column":71}},"40":{"start":{"line":103,"column":4},"end":{"line":113,"column":9}},"41":{"start":{"line":108,"column":25},"end":{"line":108,"column":35}},"42":{"start":{"line":109,"column":8},"end":{"line":109,"column":43}},"43":{"start":{"line":112,"column":8},"end":{"line":112,"column":27}},"44":{"start":{"line":120,"column":8},"end":{"line":120,"column":18}},"45":{"start":{"line":121,"column":4},"end":{"line":128,"column":6}}},"fnMap":{"0":{"name":"(anonymous_0)","decl":{"start":{"line":8,"column":2},"end":{"line":8,"column":3}},"loc":{"start":{"line":8,"column":16},"end":{"line":25,"column":3}},"line":8},"1":{"name":"(anonymous_1)","decl":{"start":{"line":27,"column":2},"end":{"line":27,"column":3}},"loc":{"start":{"line":27,"column":22},"end":{"line":29,"column":3}},"line":27},"2":{"name":"(anonymous_2)","decl":{"start":{"line":31,"column":2},"end":{"line":31,"column":3}},"loc":{"start":{"line":31,"column":18},"end":{"line":51,"column":3}},"line":31},"3":{"name":"(anonymous_3)","decl":{"start":{"line":34,"column":12},"end":{"line":34,"column":13}},"loc":{"start":{"line":34,"column":25},"end":{"line":47,"column":7}},"line":34},"4":{"name":"(anonymous_4)","decl":{"start":{"line":41,"column":16},"end":{"line":41,"column":17}},"loc":{"start":{"line":41,"column":30},"end":{"line":43,"column":11}},"line":41},"5":{"name":"(anonymous_5)","decl":{"start":{"line":44,"column":17},"end":{"line":44,"column":18}},"loc":{"start":{"line":44,"column":28},"end":{"line":46,"column":11}},"line":44},"6":{"name":"(anonymous_6)","decl":{"start":{"line":48,"column":13},"end":{"line":48,"column":14}},"loc":{"start":{"line":48,"column":24},"end":{"line":50,"column":7}},"line":48},"7":{"name":"(anonymous_7)","decl":{"start":{"line":53,"column":2},"end":{"line":53,"column":3}},"loc":{"start":{"line":53,"column":44},"end":{"line":85,"column":3}},"line":53},"8":{"name":"(anonymous_8)","decl":{"start":{"line":79,"column":12},"end":{"line":79,"column":13}},"loc":{"start":{"line":79,"column":25},"end":{"line":81,"column":7}},"line":79},"9":{"name":"(anonymous_9)","decl":{"start":{"line":82,"column":13},"end":{"line":82,"column":14}},"loc":{"start":{"line":82,"column":24},"end":{"line":84,"column":7}},"line":82},"10":{"name":"(anonymous_10)","decl":{"start":{"line":87,"column":2},"end":{"line":87,"column":3}},"loc":{"start":{"line":87,"column":33},"end":{"line":96,"column":3}},"line":87},"11":{"name":"(anonymous_11)","decl":{"start":{"line":98,"column":2},"end":{"line":98,"column":3}},"loc":{"start":{"line":98,"column":42},"end":{"line":114,"column":3}},"line":98},"12":{"name":"(anonymous_12)","decl":{"start":{"line":107,"column":12},"end":{"line":107,"column":13}},"loc":{"start":{"line":107,"column":18},"end":{"line":110,"column":7}},"line":107},"13":{"name":"(anonymous_13)","decl":{"start":{"line":111,"column":13},"end":{"line":111,"column":14}},"loc":{"start":{"line":111,"column":24},"end":{"line":113,"column":7}},"line":111},"14":{"name":"(anonymous_14)","decl":{"start":{"line":117,"column":2},"end":{"line":117,"column":3}},"loc":{"start":{"line":117,"column":11},"end":{"line":129,"column":3}},"line":117}},"branchMap":{"0":{"loc":{"start":{"line":54,"column":4},"end":{"line":57,"column":5}},"type":"if","locations":[{"start":{"line":54,"column":4},"end":{"line":57,"column":5}},{"start":{"line":54,"column":4},"end":{"line":57,"column":5}}],"line":54},"1":{"loc":{"start":{"line":60,"column":4},"end":{"line":62,"column":5}},"type":"if","locations":[{"start":{"line":60,"column":4},"end":{"line":62,"column":5}},{"start":{"line":60,"column":4},"end":{"line":62,"column":5}}],"line":60},"2":{"loc":{"start":{"line":65,"column":4},"end":{"line":68,"column":5}},"type":"if","locations":[{"start":{"line":65,"column":4},"end":{"line":68,"column":5}},{"start":{"line":65,"column":4},"end":{"line":68,"column":5}}],"line":65},"3":{"loc":{"start":{"line":90,"column":4},"end":{"line":94,"column":5}},"type":"if","locations":[{"start":{"line":90,"column":4},"end":{"line":94,"column":5}},{"start":{"line":90,"column":4},"end":{"line":94,"column":5}}],"line":90},"4":{"loc":{"start":{"line":101,"column":4},"end":{"line":101,"column":70}},"type":"cond-expr","locations":[{"start":{"line":101,"column":27},"end":{"line":101,"column":47}},{"start":{"line":101,"column":50},"end":{"line":101,"column":70}}],"line":101}},"s":{"0":2,"1":2,"2":2,"3":2,"4":2,"5":2,"6":2,"7":2,"8":2,"9":0,"10":0,"11":0,"12":0,"13":0,"14":0,"15":0,"16":0,"17":0,"18":0,"19":0,"20":0,"21":0,"22":0,"23":0,"24":0,"25":0,"26":0,"27":0,"28":0,"29":0,"30":0,"31":0,"32":0,"33":0,"34":0,"35":0,"36":0,"37":0,"38":0,"39":0,"40":0,"41":0,"42":0,"43":0,"44":2,"45":2},"f":{"0":2,"1":0,"2":0,"3":0,"4":0,"5":0,"6":0,"7":0,"8":0,"9":0,"10":0,"11":0,"12":0,"13":0,"14":2},"b":{"0":[0,0],"1":[0,0],"2":[0,0],"3":[0,0],"4":[0,0]},"_coverageSchema":"43e27e138ebf9cfc5966b082cf9a028302ed4184","hash":"443e50dba1696940d492c9276d43e2ed3f6a859b"}
,"/Users/janicelam/Hackreactor/reservly/reviews/client/src/components/ButtonFilter.jsx": {"path":"/Users/janicelam/Hackreactor/reservly/reviews/client/src/components/ButtonFilter.jsx","statementMap":{"0":{"start":{"line":7,"column":4},"end":{"line":7,"column":17}},"1":{"start":{"line":8,"column":4},"end":{"line":14,"column":6}},"2":{"start":{"line":15,"column":4},"end":{"line":15,"column":45}},"3":{"start":{"line":16,"column":4},"end":{"line":16,"column":65}},"4":{"start":{"line":20,"column":23},"end":{"line":20,"column":36}},"5":{"start":{"line":22,"column":4},"end":{"line":28,"column":7}},"6":{"start":{"line":22,"column":28},"end":{"line":22,"column":64}},"7":{"start":{"line":23,"column":6},"end":{"line":27,"column":7}},"8":{"start":{"line":24,"column":8},"end":{"line":24,"column":89}},"9":{"start":{"line":26,"column":8},"end":{"line":26,"column":86}},"10":{"start":{"line":32,"column":35},"end":{"line":32,"column":45}},"11":{"start":{"line":33,"column":6},"end":{"line":33,"column":31}},"12":{"start":{"line":37,"column":42},"end":{"line":37,"column":52}},"13":{"start":{"line":39,"column":18},"end":{"line":39,"column":20}},"14":{"start":{"line":40,"column":4},"end":{"line":42,"column":5}},"15":{"start":{"line":41,"column":6},"end":{"line":41,"column":59}},"16":{"start":{"line":44,"column":16},"end":{"line":44,"column":240}},"17":{"start":{"line":46,"column":4},"end":{"line":79,"column":6}},"18":{"start":{"line":61,"column":10},"end":{"line":76,"column":17}},"19":{"start":{"line":65,"column":98},"end":{"line":65,"column":125}},"20":{"start":{"line":71,"column":98},"end":{"line":71,"column":125}},"21":{"start":{"line":83,"column":0},"end":{"line":90,"column":2}},"22":{"start":{"line":92,"column":0},"end":{"line":95,"column":2}}},"fnMap":{"0":{"name":"(anonymous_0)","decl":{"start":{"line":6,"column":2},"end":{"line":6,"column":3}},"loc":{"start":{"line":6,"column":21},"end":{"line":17,"column":3}},"line":6},"1":{"name":"(anonymous_1)","decl":{"start":{"line":19,"column":2},"end":{"line":19,"column":3}},"loc":{"start":{"line":19,"column":23},"end":{"line":29,"column":3}},"line":19},"2":{"name":"(anonymous_2)","decl":{"start":{"line":22,"column":18},"end":{"line":22,"column":19}},"loc":{"start":{"line":22,"column":28},"end":{"line":22,"column":64}},"line":22},"3":{"name":"(anonymous_3)","decl":{"start":{"line":22,"column":67},"end":{"line":22,"column":68}},"loc":{"start":{"line":22,"column":73},"end":{"line":28,"column":5}},"line":22},"4":{"name":"(anonymous_4)","decl":{"start":{"line":31,"column":2},"end":{"line":31,"column":3}},"loc":{"start":{"line":31,"column":23},"end":{"line":34,"column":3}},"line":31},"5":{"name":"(anonymous_5)","decl":{"start":{"line":36,"column":2},"end":{"line":36,"column":3}},"loc":{"start":{"line":36,"column":11},"end":{"line":80,"column":3}},"line":36},"6":{"name":"(anonymous_6)","decl":{"start":{"line":60,"column":17},"end":{"line":60,"column":18}},"loc":{"start":{"line":61,"column":10},"end":{"line":76,"column":17}},"line":61},"7":{"name":"(anonymous_7)","decl":{"start":{"line":65,"column":93},"end":{"line":65,"column":94}},"loc":{"start":{"line":65,"column":98},"end":{"line":65,"column":125}},"line":65},"8":{"name":"(anonymous_8)","decl":{"start":{"line":71,"column":93},"end":{"line":71,"column":94}},"loc":{"start":{"line":71,"column":98},"end":{"line":71,"column":125}},"line":71}},"branchMap":{"0":{"loc":{"start":{"line":23,"column":6},"end":{"line":27,"column":7}},"type":"if","locations":[{"start":{"line":23,"column":6},"end":{"line":27,"column":7}},{"start":{"line":23,"column":6},"end":{"line":27,"column":7}}],"line":23},"1":{"loc":{"start":{"line":40,"column":4},"end":{"line":42,"column":5}},"type":"if","locations":[{"start":{"line":40,"column":4},"end":{"line":42,"column":5}},{"start":{"line":40,"column":4},"end":{"line":42,"column":5}}],"line":40},"2":{"loc":{"start":{"line":48,"column":9},"end":{"line":57,"column":16}},"type":"cond-expr","locations":[{"start":{"line":50,"column":12},"end":{"line":55,"column":19}},{"start":{"line":57,"column":12},"end":{"line":57,"column":16}}],"line":48},"3":{"loc":{"start":{"line":62,"column":13},"end":{"line":74,"column":15}},"type":"cond-expr","locations":[{"start":{"line":64,"column":16},"end":{"line":67,"column":24}},{"start":{"line":70,"column":16},"end":{"line":73,"column":24}}],"line":62}},"s":{"0":0,"1":0,"2":0,"3":0,"4":0,"5":0,"6":0,"7":0,"8":0,"9":0,"10":0,"11":0,"12":0,"13":0,"14":0,"15":0,"16":0,"17":0,"18":0,"19":0,"20":0,"21":1,"22":1},"f":{"0":0,"1":0,"2":0,"3":0,"4":0,"5":0,"6":0,"7":0,"8":0},"b":{"0":[0,0],"1":[0,0],"2":[0,0],"3":[0,0]},"_coverageSchema":"43e27e138ebf9cfc5966b082cf9a028302ed4184","hash":"90243ca7c0d96e3829aec3f593fcaf94c5815c28"}
,"/Users/janicelam/Hackreactor/reservly/reviews/client/src/components/DropdownFilter.jsx": {"path":"/Users/janicelam/Hackreactor/reservly/reviews/client/src/components/DropdownFilter.jsx","statementMap":{"0":{"start":{"line":7,"column":4},"end":{"line":7,"column":17}},"1":{"start":{"line":8,"column":4},"end":{"line":11,"column":6}},"2":{"start":{"line":12,"column":4},"end":{"line":12,"column":49}},"3":{"start":{"line":13,"column":4},"end":{"line":13,"column":47}},"4":{"start":{"line":17,"column":4},"end":{"line":17,"column":60}},"5":{"start":{"line":17,"column":28},"end":{"line":17,"column":57}},"6":{"start":{"line":21,"column":4},"end":{"line":21,"column":39}},"7":{"start":{"line":22,"column":4},"end":{"line":22,"column":70}},"8":{"start":{"line":23,"column":4},"end":{"line":23,"column":60}},"9":{"start":{"line":23,"column":28},"end":{"line":23,"column":57}},"10":{"start":{"line":27,"column":36},"end":{"line":27,"column":46}},"11":{"start":{"line":29,"column":4},"end":{"line":57,"column":6}},"12":{"start":{"line":38,"column":60},"end":{"line":38,"column":84}},"13":{"start":{"line":43,"column":60},"end":{"line":43,"column":92}},"14":{"start":{"line":48,"column":60},"end":{"line":48,"column":91}},"15":{"start":{"line":61,"column":0},"end":{"line":64,"column":2}},"16":{"start":{"line":66,"column":0},"end":{"line":68,"column":2}}},"fnMap":{"0":{"name":"(anonymous_0)","decl":{"start":{"line":6,"column":2},"end":{"line":6,"column":3}},"loc":{"start":{"line":6,"column":21},"end":{"line":14,"column":3}},"line":6},"1":{"name":"(anonymous_1)","decl":{"start":{"line":16,"column":2},"end":{"line":16,"column":3}},"loc":{"start":{"line":16,"column":15},"end":{"line":18,"column":3}},"line":16},"2":{"name":"(anonymous_2)","decl":{"start":{"line":17,"column":18},"end":{"line":17,"column":19}},"loc":{"start":{"line":17,"column":28},"end":{"line":17,"column":57}},"line":17},"3":{"name":"(anonymous_3)","decl":{"start":{"line":20,"column":2},"end":{"line":20,"column":3}},"loc":{"start":{"line":20,"column":18},"end":{"line":24,"column":3}},"line":20},"4":{"name":"(anonymous_4)","decl":{"start":{"line":23,"column":18},"end":{"line":23,"column":19}},"loc":{"start":{"line":23,"column":28},"end":{"line":23,"column":57}},"line":23},"5":{"name":"(anonymous_5)","decl":{"start":{"line":26,"column":2},"end":{"line":26,"column":3}},"loc":{"start":{"line":26,"column":11},"end":{"line":58,"column":3}},"line":26},"6":{"name":"(anonymous_6)","decl":{"start":{"line":38,"column":54},"end":{"line":38,"column":55}},"loc":{"start":{"line":38,"column":60},"end":{"line":38,"column":84}},"line":38},"7":{"name":"(anonymous_7)","decl":{"start":{"line":43,"column":54},"end":{"line":43,"column":55}},"loc":{"start":{"line":43,"column":60},"end":{"line":43,"column":92}},"line":43},"8":{"name":"(anonymous_8)","decl":{"start":{"line":48,"column":54},"end":{"line":48,"column":55}},"loc":{"start":{"line":48,"column":60},"end":{"line":48,"column":91}},"line":48}},"branchMap":{"0":{"loc":{"start":{"line":34,"column":9},"end":{"line":54,"column":16}},"type":"cond-expr","locations":[{"start":{"line":36,"column":12},"end":{"line":52,"column":18}},{"start":{"line":54,"column":12},"end":{"line":54,"column":16}}],"line":34}},"s":{"0":1,"1":1,"2":1,"3":1,"4":0,"5":0,"6":0,"7":0,"8":0,"9":0,"10":1,"11":1,"12":0,"13":0,"14":0,"15":2,"16":2},"f":{"0":1,"1":0,"2":0,"3":0,"4":0,"5":1,"6":0,"7":0,"8":0},"b":{"0":[0,1]},"_coverageSchema":"43e27e138ebf9cfc5966b082cf9a028302ed4184","hash":"717e41aba90e2e76552e3f7d72e233ce0056f136"}
,"/Users/janicelam/Hackreactor/reservly/reviews/client/src/components/IndivReview.jsx": {"path":"/Users/janicelam/Hackreactor/reservly/reviews/client/src/components/IndivReview.jsx","statementMap":{"0":{"start":{"line":11,"column":4},"end":{"line":11,"column":17}},"1":{"start":{"line":12,"column":4},"end":{"line":18,"column":6}},"2":{"start":{"line":19,"column":4},"end":{"line":19,"column":63}},"3":{"start":{"line":20,"column":4},"end":{"line":20,"column":61}},"4":{"start":{"line":21,"column":4},"end":{"line":21,"column":55}},"5":{"start":{"line":22,"column":4},"end":{"line":22,"column":51}},"6":{"start":{"line":23,"column":4},"end":{"line":23,"column":57}},"7":{"start":{"line":27,"column":19},"end":{"line":27,"column":47}},"8":{"start":{"line":28,"column":4},"end":{"line":28,"column":43}},"9":{"start":{"line":32,"column":4},"end":{"line":32,"column":64}},"10":{"start":{"line":32,"column":28},"end":{"line":32,"column":61}},"11":{"start":{"line":36,"column":4},"end":{"line":36,"column":72}},"12":{"start":{"line":36,"column":28},"end":{"line":36,"column":69}},"13":{"start":{"line":37,"column":4},"end":{"line":37,"column":23}},"14":{"start":{"line":41,"column":31},"end":{"line":41,"column":41}},"15":{"start":{"line":42,"column":43},"end":{"line":42,"column":53}},"16":{"start":{"line":43,"column":45},"end":{"line":43,"column":51}},"17":{"start":{"line":44,"column":4},"end":{"line":48,"column":5}},"18":{"start":{"line":45,"column":6},"end":{"line":45,"column":103}},"19":{"start":{"line":47,"column":6},"end":{"line":47,"column":103}},"20":{"start":{"line":52,"column":4},"end":{"line":52,"column":72}},"21":{"start":{"line":52,"column":28},"end":{"line":52,"column":69}},"22":{"start":{"line":56,"column":59},"end":{"line":56,"column":69}},"23":{"start":{"line":57,"column":43},"end":{"line":57,"column":53}},"24":{"start":{"line":69,"column":8},"end":{"line":69,"column":14}},"25":{"start":{"line":71,"column":30},"end":{"line":71,"column":40}},"26":{"start":{"line":73,"column":22},"end":{"line":73,"column":41}},"27":{"start":{"line":75,"column":16},"end":{"line":75,"column":18}},"28":{"start":{"line":76,"column":19},"end":{"line":76,"column":21}},"29":{"start":{"line":77,"column":23},"end":{"line":77,"column":36}},"30":{"start":{"line":78,"column":24},"end":{"line":78,"column":33}},"31":{"start":{"line":80,"column":4},"end":{"line":82,"column":5}},"32":{"start":{"line":80,"column":17},"end":{"line":80,"column":18}},"33":{"start":{"line":81,"column":6},"end":{"line":81,"column":18}},"34":{"start":{"line":83,"column":4},"end":{"line":85,"column":5}},"35":{"start":{"line":83,"column":17},"end":{"line":83,"column":18}},"36":{"start":{"line":84,"column":6},"end":{"line":84,"column":21}},"37":{"start":{"line":87,"column":4},"end":{"line":227,"column":6}},"38":{"start":{"line":106,"column":18},"end":{"line":108,"column":25}},"39":{"start":{"line":111,"column":18},"end":{"line":113,"column":25}},"40":{"start":{"line":146,"column":66},"end":{"line":146,"column":95}},"41":{"start":{"line":153,"column":66},"end":{"line":153,"column":95}},"42":{"start":{"line":231,"column":0},"end":{"line":245,"column":2}}},"fnMap":{"0":{"name":"(anonymous_0)","decl":{"start":{"line":10,"column":2},"end":{"line":10,"column":3}},"loc":{"start":{"line":10,"column":21},"end":{"line":24,"column":3}},"line":10},"1":{"name":"(anonymous_1)","decl":{"start":{"line":26,"column":2},"end":{"line":26,"column":3}},"loc":{"start":{"line":26,"column":22},"end":{"line":29,"column":3}},"line":26},"2":{"name":"(anonymous_2)","decl":{"start":{"line":31,"column":2},"end":{"line":31,"column":3}},"loc":{"start":{"line":31,"column":21},"end":{"line":33,"column":3}},"line":31},"3":{"name":"(anonymous_3)","decl":{"start":{"line":32,"column":18},"end":{"line":32,"column":19}},"loc":{"start":{"line":32,"column":28},"end":{"line":32,"column":61}},"line":32},"4":{"name":"(anonymous_4)","decl":{"start":{"line":35,"column":2},"end":{"line":35,"column":3}},"loc":{"start":{"line":35,"column":18},"end":{"line":38,"column":3}},"line":35},"5":{"name":"(anonymous_5)","decl":{"start":{"line":36,"column":18},"end":{"line":36,"column":19}},"loc":{"start":{"line":36,"column":28},"end":{"line":36,"column":69}},"line":36},"6":{"name":"(anonymous_6)","decl":{"start":{"line":40,"column":2},"end":{"line":40,"column":3}},"loc":{"start":{"line":40,"column":16},"end":{"line":49,"column":3}},"line":40},"7":{"name":"(anonymous_7)","decl":{"start":{"line":51,"column":2},"end":{"line":51,"column":3}},"loc":{"start":{"line":51,"column":19},"end":{"line":53,"column":3}},"line":51},"8":{"name":"(anonymous_8)","decl":{"start":{"line":52,"column":18},"end":{"line":52,"column":19}},"loc":{"start":{"line":52,"column":28},"end":{"line":52,"column":69}},"line":52},"9":{"name":"(anonymous_9)","decl":{"start":{"line":55,"column":2},"end":{"line":55,"column":3}},"loc":{"start":{"line":55,"column":11},"end":{"line":228,"column":3}},"line":55},"10":{"name":"(anonymous_10)","decl":{"start":{"line":105,"column":25},"end":{"line":105,"column":26}},"loc":{"start":{"line":106,"column":18},"end":{"line":108,"column":25}},"line":106},"11":{"name":"(anonymous_11)","decl":{"start":{"line":110,"column":28},"end":{"line":110,"column":29}},"loc":{"start":{"line":111,"column":18},"end":{"line":113,"column":25}},"line":111},"12":{"name":"(anonymous_12)","decl":{"start":{"line":146,"column":48},"end":{"line":146,"column":49}},"loc":{"start":{"line":146,"column":64},"end":{"line":146,"column":97}},"line":146},"13":{"name":"(anonymous_13)","decl":{"start":{"line":153,"column":48},"end":{"line":153,"column":49}},"loc":{"start":{"line":153,"column":64},"end":{"line":153,"column":97}},"line":153}},"branchMap":{"0":{"loc":{"start":{"line":44,"column":4},"end":{"line":48,"column":5}},"type":"if","locations":[{"start":{"line":44,"column":4},"end":{"line":48,"column":5}},{"start":{"line":44,"column":4},"end":{"line":48,"column":5}}],"line":44},"1":{"loc":{"start":{"line":98,"column":13},"end":{"line":98,"column":58}},"type":"cond-expr","locations":[{"start":{"line":98,"column":38},"end":{"line":98,"column":46}},{"start":{"line":98,"column":49},"end":{"line":98,"column":58}}],"line":98},"2":{"loc":{"start":{"line":143,"column":11},"end":{"line":157,"column":13}},"type":"cond-expr","locations":[{"start":{"line":145,"column":14},"end":{"line":149,"column":20}},{"start":{"line":152,"column":14},"end":{"line":156,"column":20}}],"line":143},"3":{"loc":{"start":{"line":162,"column":15},"end":{"line":171,"column":25}},"type":"cond-expr","locations":[{"start":{"line":164,"column":18},"end":{"line":169,"column":24}},{"start":{"line":171,"column":18},"end":{"line":171,"column":25}}],"line":162},"4":{"loc":{"start":{"line":165,"column":21},"end":{"line":167,"column":100}},"type":"cond-expr","locations":[{"start":{"line":166,"column":24},"end":{"line":166,"column":100}},{"start":{"line":167,"column":24},"end":{"line":167,"column":100}}],"line":165},"5":{"loc":{"start":{"line":183,"column":19},"end":{"line":193,"column":21}},"type":"cond-expr","locations":[{"start":{"line":185,"column":22},"end":{"line":187,"column":28}},{"start":{"line":190,"column":22},"end":{"line":192,"column":28}}],"line":183},"6":{"loc":{"start":{"line":201,"column":17},"end":{"line":221,"column":24}},"type":"cond-expr","locations":[{"start":{"line":203,"column":20},"end":{"line":219,"column":26}},{"start":{"line":221,"column":20},"end":{"line":221,"column":24}}],"line":201}},"s":{"0":0,"1":0,"2":0,"3":0,"4":0,"5":0,"6":0,"7":0,"8":0,"9":0,"10":0,"11":0,"12":0,"13":0,"14":0,"15":0,"16":0,"17":0,"18":0,"19":0,"20":0,"21":0,"22":0,"23":0,"24":0,"25":0,"26":0,"27":0,"28":0,"29":0,"30":0,"31":0,"32":0,"33":0,"34":0,"35":0,"36":0,"37":0,"38":0,"39":0,"40":0,"41":0,"42":1},"f":{"0":0,"1":0,"2":0,"3":0,"4":0,"5":0,"6":0,"7":0,"8":0,"9":0,"10":0,"11":0,"12":0,"13":0},"b":{"0":[0,0],"1":[0,0],"2":[0,0],"3":[0,0],"4":[0,0],"5":[0,0],"6":[0,0]},"_coverageSchema":"43e27e138ebf9cfc5966b082cf9a028302ed4184","hash":"a67af516979151c7f16afe46ab230ca229a61f1f"}
,"/Users/janicelam/Hackreactor/reservly/reviews/client/src/components/MorePages.jsx": {"path":"/Users/janicelam/Hackreactor/reservly/reviews/client/src/components/MorePages.jsx","statementMap":{"0":{"start":{"line":7,"column":4},"end":{"line":7,"column":17}},"1":{"start":{"line":8,"column":4},"end":{"line":10,"column":6}},"2":{"start":{"line":19,"column":8},"end":{"line":19,"column":18}},"3":{"start":{"line":21,"column":21},"end":{"line":21,"column":23}},"4":{"start":{"line":22,"column":4},"end":{"line":25,"column":5}},"5":{"start":{"line":23,"column":41},"end":{"line":23,"column":51}},"6":{"start":{"line":24,"column":6},"end":{"line":24,"column":42}},"7":{"start":{"line":27,"column":23},"end":{"line":27,"column":60}},"8":{"start":{"line":28,"column":16},"end":{"line":28,"column":18}},"9":{"start":{"line":29,"column":4},"end":{"line":31,"column":5}},"10":{"start":{"line":29,"column":17},"end":{"line":29,"column":18}},"11":{"start":{"line":30,"column":6},"end":{"line":30,"column":18}},"12":{"start":{"line":33,"column":4},"end":{"line":56,"column":6}},"13":{"start":{"line":44,"column":12},"end":{"line":46,"column":18}},"14":{"start":{"line":60,"column":0},"end":{"line":65,"column":2}}},"fnMap":{"0":{"name":"(anonymous_0)","decl":{"start":{"line":6,"column":2},"end":{"line":6,"column":3}},"loc":{"start":{"line":6,"column":21},"end":{"line":11,"column":3}},"line":6},"1":{"name":"(anonymous_1)","decl":{"start":{"line":13,"column":2},"end":{"line":13,"column":3}},"loc":{"start":{"line":13,"column":11},"end":{"line":57,"column":3}},"line":13},"2":{"name":"(anonymous_2)","decl":{"start":{"line":43,"column":19},"end":{"line":43,"column":20}},"loc":{"start":{"line":44,"column":12},"end":{"line":46,"column":18}},"line":44}},"branchMap":{"0":{"loc":{"start":{"line":22,"column":4},"end":{"line":25,"column":5}},"type":"if","locations":[{"start":{"line":22,"column":4},"end":{"line":25,"column":5}},{"start":{"line":22,"column":4},"end":{"line":25,"column":5}}],"line":22}},"s":{"0":0,"1":0,"2":0,"3":0,"4":0,"5":0,"6":0,"7":0,"8":0,"9":0,"10":0,"11":0,"12":0,"13":0,"14":1},"f":{"0":0,"1":0,"2":0},"b":{"0":[0,0]},"_coverageSchema":"43e27e138ebf9cfc5966b082cf9a028302ed4184","hash":"4602d10eb52ca1954a5558aa601da8f0b82533ce"}
,"/Users/janicelam/Hackreactor/reservly/reviews/client/src/components/Noise.jsx": {"path":"/Users/janicelam/Hackreactor/reservly/reviews/client/src/components/Noise.jsx","statementMap":{"0":{"start":{"line":6,"column":14},"end":{"line":31,"column":1}},"1":{"start":{"line":7,"column":29},"end":{"line":7,"column":39}},"2":{"start":{"line":9,"column":14},"end":{"line":9,"column":16}},"3":{"start":{"line":10,"column":2},"end":{"line":18,"column":3}},"4":{"start":{"line":11,"column":4},"end":{"line":11,"column":28}},"5":{"start":{"line":12,"column":9},"end":{"line":18,"column":3}},"6":{"start":{"line":13,"column":4},"end":{"line":13,"column":20}},"7":{"start":{"line":14,"column":9},"end":{"line":18,"column":3}},"8":{"start":{"line":15,"column":4},"end":{"line":15,"column":23}},"9":{"start":{"line":16,"column":9},"end":{"line":18,"column":3}},"10":{"start":{"line":17,"column":4},"end":{"line":17,"column":24}},"11":{"start":{"line":20,"column":2},"end":{"line":30,"column":4}},"12":{"start":{"line":33,"column":0},"end":{"line":37,"column":2}}},"fnMap":{"0":{"name":"(anonymous_0)","decl":{"start":{"line":6,"column":14},"end":{"line":6,"column":15}},"loc":{"start":{"line":6,"column":34},"end":{"line":31,"column":1}},"line":6}},"branchMap":{"0":{"loc":{"start":{"line":10,"column":2},"end":{"line":18,"column":3}},"type":"if","locations":[{"start":{"line":10,"column":2},"end":{"line":18,"column":3}},{"start":{"line":10,"column":2},"end":{"line":18,"column":3}}],"line":10},"1":{"loc":{"start":{"line":12,"column":9},"end":{"line":18,"column":3}},"type":"if","locations":[{"start":{"line":12,"column":9},"end":{"line":18,"column":3}},{"start":{"line":12,"column":9},"end":{"line":18,"column":3}}],"line":12},"2":{"loc":{"start":{"line":14,"column":9},"end":{"line":18,"column":3}},"type":"if","locations":[{"start":{"line":14,"column":9},"end":{"line":18,"column":3}},{"start":{"line":14,"column":9},"end":{"line":18,"column":3}}],"line":14},"3":{"loc":{"start":{"line":16,"column":9},"end":{"line":18,"column":3}},"type":"if","locations":[{"start":{"line":16,"column":9},"end":{"line":18,"column":3}},{"start":{"line":16,"column":9},"end":{"line":18,"column":3}}],"line":16}},"s":{"0":1,"1":1,"2":1,"3":1,"4":0,"5":1,"6":0,"7":1,"8":0,"9":1,"10":1,"11":1,"12":1},"f":{"0":1},"b":{"0":[0,1],"1":[0,1],"2":[0,1],"3":[1,0]},"_coverageSchema":"43e27e138ebf9cfc5966b082cf9a028302ed4184","hash":"6db64403ab1a635ec3f3fa118561ff4550fa6624"}
,"/Users/janicelam/Hackreactor/reservly/reviews/client/src/components/OverallNums.jsx": {"path":"/Users/janicelam/Hackreactor/reservly/reviews/client/src/components/OverallNums.jsx","statementMap":{"0":{"start":{"line":5,"column":20},"end":{"line":33,"column":1}},"1":{"start":{"line":11,"column":6},"end":{"line":11,"column":10}},"2":{"start":{"line":13,"column":2},"end":{"line":32,"column":4}},"3":{"start":{"line":35,"column":0},"end":{"line":42,"column":2}}},"fnMap":{"0":{"name":"(anonymous_0)","decl":{"start":{"line":5,"column":20},"end":{"line":5,"column":21}},"loc":{"start":{"line":5,"column":34},"end":{"line":33,"column":1}},"line":5}},"branchMap":{},"s":{"0":1,"1":1,"2":1,"3":1},"f":{"0":1},"b":{},"_coverageSchema":"43e27e138ebf9cfc5966b082cf9a028302ed4184","hash":"76cf5fc27c3a2eb7bf59b6bd5d12b9601a773ae3"}
,"/Users/janicelam/Hackreactor/reservly/reviews/client/src/components/Recommend.jsx": {"path":"/Users/janicelam/Hackreactor/reservly/reviews/client/src/components/Recommend.jsx","statementMap":{"0":{"start":{"line":6,"column":18},"end":{"line":22,"column":1}},"1":{"start":{"line":7,"column":27},"end":{"line":7,"column":35}},"2":{"start":{"line":9,"column":2},"end":{"line":21,"column":4}},"3":{"start":{"line":24,"column":0},"end":{"line":28,"column":2}}},"fnMap":{"0":{"name":"(anonymous_0)","decl":{"start":{"line":6,"column":18},"end":{"line":6,"column":19}},"loc":{"start":{"line":6,"column":36},"end":{"line":22,"column":1}},"line":6}},"branchMap":{"0":{"loc":{"start":{"line":12,"column":9},"end":{"line":12,"column":62}},"type":"cond-expr","locations":[{"start":{"line":12,"column":29},"end":{"line":12,"column":43}},{"start":{"line":12,"column":46},"end":{"line":12,"column":62}}],"line":12}},"s":{"0":1,"1":1,"2":1,"3":1},"f":{"0":1},"b":{"0":[0,1]},"_coverageSchema":"43e27e138ebf9cfc5966b082cf9a028302ed4184","hash":"f172d684a6ef214f8e7b8e56b432476ce7c9fc03"}
,"/Users/janicelam/Hackreactor/reservly/reviews/client/src/components/Reviews.jsx": {"path":"/Users/janicelam/Hackreactor/reservly/reviews/client/src/components/Reviews.jsx","statementMap":{"0":{"start":{"line":11,"column":4},"end":{"line":11,"column":17}},"1":{"start":{"line":12,"column":4},"end":{"line":15,"column":6}},"2":{"start":{"line":16,"column":4},"end":{"line":16,"column":57}},"3":{"start":{"line":17,"column":4},"end":{"line":17,"column":61}},"4":{"start":{"line":22,"column":4},"end":{"line":22,"column":93}},"5":{"start":{"line":22,"column":28},"end":{"line":22,"column":90}},"6":{"start":{"line":27,"column":4},"end":{"line":27,"column":93}},"7":{"start":{"line":27,"column":28},"end":{"line":27,"column":90}},"8":{"start":{"line":41,"column":8},"end":{"line":41,"column":18}},"9":{"start":{"line":44,"column":46},"end":{"line":44,"column":56}},"10":{"start":{"line":46,"column":4},"end":{"line":78,"column":6}},"11":{"start":{"line":64,"column":14},"end":{"line":68,"column":16}},"12":{"start":{"line":82,"column":0},"end":{"line":91,"column":2}},"13":{"start":{"line":93,"column":0},"end":{"line":95,"column":2}}},"fnMap":{"0":{"name":"(anonymous_0)","decl":{"start":{"line":10,"column":2},"end":{"line":10,"column":3}},"loc":{"start":{"line":10,"column":21},"end":{"line":18,"column":3}},"line":10},"1":{"name":"(anonymous_1)","decl":{"start":{"line":21,"column":2},"end":{"line":21,"column":3}},"loc":{"start":{"line":21,"column":19},"end":{"line":24,"column":3}},"line":21},"2":{"name":"(anonymous_2)","decl":{"start":{"line":22,"column":18},"end":{"line":22,"column":19}},"loc":{"start":{"line":22,"column":28},"end":{"line":22,"column":90}},"line":22},"3":{"name":"(anonymous_3)","decl":{"start":{"line":26,"column":2},"end":{"line":26,"column":3}},"loc":{"start":{"line":26,"column":21},"end":{"line":29,"column":3}},"line":26},"4":{"name":"(anonymous_4)","decl":{"start":{"line":27,"column":18},"end":{"line":27,"column":19}},"loc":{"start":{"line":27,"column":28},"end":{"line":27,"column":90}},"line":27},"5":{"name":"(anonymous_5)","decl":{"start":{"line":31,"column":2},"end":{"line":31,"column":3}},"loc":{"start":{"line":31,"column":11},"end":{"line":79,"column":3}},"line":31},"6":{"name":"(anonymous_6)","decl":{"start":{"line":63,"column":84},"end":{"line":63,"column":85}},"loc":{"start":{"line":64,"column":14},"end":{"line":68,"column":16}},"line":64}},"branchMap":{"0":{"loc":{"start":{"line":62,"column":11},"end":{"line":70,"column":18}},"type":"cond-expr","locations":[{"start":{"line":63,"column":14},"end":{"line":69,"column":14}},{"start":{"line":70,"column":14},"end":{"line":70,"column":18}}],"line":62}},"s":{"0":0,"1":0,"2":0,"3":0,"4":0,"5":0,"6":0,"7":0,"8":0,"9":0,"10":0,"11":0,"12":1,"13":1},"f":{"0":0,"1":0,"2":0,"3":0,"4":0,"5":0,"6":0},"b":{"0":[0,0]},"_coverageSchema":"43e27e138ebf9cfc5966b082cf9a028302ed4184","hash":"f75a77ddd4d9e1ec161edf1819888b5bfb08e0f5"}
,"/Users/janicelam/Hackreactor/reservly/reviews/client/src/components/ReviewsChart.jsx": {"path":"/Users/janicelam/Hackreactor/reservly/reviews/client/src/components/ReviewsChart.jsx","statementMap":{"0":{"start":{"line":7,"column":4},"end":{"line":7,"column":17}},"1":{"start":{"line":8,"column":4},"end":{"line":8,"column":43}},"2":{"start":{"line":12,"column":35},"end":{"line":12,"column":45}},"3":{"start":{"line":13,"column":4},"end":{"line":13,"column":30}},"4":{"start":{"line":17,"column":24},"end":{"line":17,"column":34}},"5":{"start":{"line":18,"column":19},"end":{"line":18,"column":34}},"6":{"start":{"line":19,"column":19},"end":{"line":19,"column":21}},"7":{"start":{"line":21,"column":4},"end":{"line":42,"column":5}},"8":{"start":{"line":22,"column":6},"end":{"line":35,"column":7}},"9":{"start":{"line":22,"column":19},"end":{"line":22,"column":20}},"10":{"start":{"line":23,"column":21},"end":{"line":23,"column":63}},"11":{"start":{"line":24,"column":8},"end":{"line":34,"column":9}},"12":{"start":{"line":25,"column":10},"end":{"line":25,"column":25}},"13":{"start":{"line":26,"column":15},"end":{"line":34,"column":9}},"14":{"start":{"line":27,"column":10},"end":{"line":27,"column":25}},"15":{"start":{"line":28,"column":15},"end":{"line":34,"column":9}},"16":{"start":{"line":29,"column":10},"end":{"line":29,"column":25}},"17":{"start":{"line":30,"column":15},"end":{"line":34,"column":9}},"18":{"start":{"line":31,"column":10},"end":{"line":31,"column":25}},"19":{"start":{"line":32,"column":15},"end":{"line":34,"column":9}},"20":{"start":{"line":33,"column":10},"end":{"line":33,"column":25}},"21":{"start":{"line":36,"column":6},"end":{"line":39,"column":9}},"22":{"start":{"line":37,"column":20},"end":{"line":37,"column":57}},"23":{"start":{"line":38,"column":8},"end":{"line":38,"column":25}},"24":{"start":{"line":41,"column":6},"end":{"line":41,"column":48}},"25":{"start":{"line":44,"column":16},"end":{"line":44,"column":255}},"26":{"start":{"line":46,"column":4},"end":{"line":57,"column":6}},"27":{"start":{"line":49,"column":10},"end":{"line":54,"column":16}},"28":{"start":{"line":51,"column":63},"end":{"line":51,"column":99}},"29":{"start":{"line":61,"column":0},"end":{"line":64,"column":2}}},"fnMap":{"0":{"name":"(anonymous_0)","decl":{"start":{"line":6,"column":2},"end":{"line":6,"column":3}},"loc":{"start":{"line":6,"column":21},"end":{"line":9,"column":3}},"line":6},"1":{"name":"(anonymous_1)","decl":{"start":{"line":11,"column":2},"end":{"line":11,"column":3}},"loc":{"start":{"line":11,"column":17},"end":{"line":14,"column":3}},"line":11},"2":{"name":"(anonymous_2)","decl":{"start":{"line":16,"column":2},"end":{"line":16,"column":3}},"loc":{"start":{"line":16,"column":11},"end":{"line":58,"column":3}},"line":16},"3":{"name":"(anonymous_3)","decl":{"start":{"line":36,"column":28},"end":{"line":36,"column":29}},"loc":{"start":{"line":36,"column":37},"end":{"line":39,"column":7}},"line":36},"4":{"name":"(anonymous_4)","decl":{"start":{"line":48,"column":17},"end":{"line":48,"column":18}},"loc":{"start":{"line":49,"column":10},"end":{"line":54,"column":16}},"line":49},"5":{"name":"(anonymous_5)","decl":{"start":{"line":51,"column":57},"end":{"line":51,"column":58}},"loc":{"start":{"line":51,"column":63},"end":{"line":51,"column":99}},"line":51}},"branchMap":{"0":{"loc":{"start":{"line":21,"column":4},"end":{"line":42,"column":5}},"type":"if","locations":[{"start":{"line":21,"column":4},"end":{"line":42,"column":5}},{"start":{"line":21,"column":4},"end":{"line":42,"column":5}}],"line":21},"1":{"loc":{"start":{"line":24,"column":8},"end":{"line":34,"column":9}},"type":"if","locations":[{"start":{"line":24,"column":8},"end":{"line":34,"column":9}},{"start":{"line":24,"column":8},"end":{"line":34,"column":9}}],"line":24},"2":{"loc":{"start":{"line":26,"column":15},"end":{"line":34,"column":9}},"type":"if","locations":[{"start":{"line":26,"column":15},"end":{"line":34,"column":9}},{"start":{"line":26,"column":15},"end":{"line":34,"column":9}}],"line":26},"3":{"loc":{"start":{"line":28,"column":15},"end":{"line":34,"column":9}},"type":"if","locations":[{"start":{"line":28,"column":15},"end":{"line":34,"column":9}},{"start":{"line":28,"column":15},"end":{"line":34,"column":9}}],"line":28},"4":{"loc":{"start":{"line":30,"column":15},"end":{"line":34,"column":9}},"type":"if","locations":[{"start":{"line":30,"column":15},"end":{"line":34,"column":9}},{"start":{"line":30,"column":15},"end":{"line":34,"column":9}}],"line":30},"5":{"loc":{"start":{"line":32,"column":15},"end":{"line":34,"column":9}},"type":"if","locations":[{"start":{"line":32,"column":15},"end":{"line":34,"column":9}},{"start":{"line":32,"column":15},"end":{"line":34,"column":9}}],"line":32}},"s":{"0":1,"1":1,"2":0,"3":0,"4":1,"5":1,"6":1,"7":1,"8":1,"9":1,"10":4,"11":4,"12":0,"13":4,"14":0,"15":4,"16":0,"17":4,"18":1,"19":3,"20":3,"21":1,"22":5,"23":5,"24":0,"25":1,"26":1,"27":5,"28":0,"29":1},"f":{"0":1,"1":0,"2":1,"3":5,"4":5,"5":0},"b":{"0":[1,0],"1":[0,4],"2":[0,4],"3":[0,4],"4":[1,3],"5":[3,0]},"_coverageSchema":"43e27e138ebf9cfc5966b082cf9a028302ed4184","hash":"e92909cc9421c16b03262d1ba31aaf0e0a3cb611"}
,"/Users/janicelam/Hackreactor/reservly/reviews/client/src/components/StarRating.jsx": {"path":"/Users/janicelam/Hackreactor/reservly/reviews/client/src/components/StarRating.jsx","statementMap":{"0":{"start":{"line":5,"column":19},"end":{"line":61,"column":1}},"1":{"start":{"line":6,"column":21},"end":{"line":6,"column":26}},"2":{"start":{"line":7,"column":20},"end":{"line":7,"column":46}},"3":{"start":{"line":8,"column":15},"end":{"line":8,"column":64}},"4":{"start":{"line":10,"column":20},"end":{"line":10,"column":66}},"5":{"start":{"line":12,"column":14},"end":{"line":12,"column":16}},"6":{"start":{"line":13,"column":17},"end":{"line":13,"column":19}},"7":{"start":{"line":14,"column":17},"end":{"line":14,"column":22}},"8":{"start":{"line":15,"column":21},"end":{"line":15,"column":45}},"9":{"start":{"line":16,"column":20},"end":{"line":16,"column":29}},"10":{"start":{"line":18,"column":2},"end":{"line":21,"column":3}},"11":{"start":{"line":19,"column":4},"end":{"line":19,"column":20}},"12":{"start":{"line":20,"column":4},"end":{"line":20,"column":34}},"13":{"start":{"line":23,"column":2},"end":{"line":25,"column":3}},"14":{"start":{"line":23,"column":15},"end":{"line":23,"column":16}},"15":{"start":{"line":24,"column":4},"end":{"line":24,"column":16}},"16":{"start":{"line":26,"column":2},"end":{"line":28,"column":3}},"17":{"start":{"line":26,"column":15},"end":{"line":26,"column":16}},"18":{"start":{"line":27,"column":4},"end":{"line":27,"column":19}},"19":{"start":{"line":30,"column":2},"end":{"line":60,"column":4}},"20":{"start":{"line":34,"column":10},"end":{"line":36,"column":17}},"21":{"start":{"line":49,"column":10},"end":{"line":51,"column":17}},"22":{"start":{"line":63,"column":0},"end":{"line":65,"column":2}}},"fnMap":{"0":{"name":"(anonymous_0)","decl":{"start":{"line":5,"column":19},"end":{"line":5,"column":20}},"loc":{"start":{"line":5,"column":30},"end":{"line":61,"column":1}},"line":5},"1":{"name":"(anonymous_1)","decl":{"start":{"line":33,"column":17},"end":{"line":33,"column":18}},"loc":{"start":{"line":34,"column":10},"end":{"line":36,"column":17}},"line":34},"2":{"name":"(anonymous_2)","decl":{"start":{"line":48,"column":20},"end":{"line":48,"column":21}},"loc":{"start":{"line":49,"column":10},"end":{"line":51,"column":17}},"line":49}},"branchMap":{"0":{"loc":{"start":{"line":7,"column":20},"end":{"line":7,"column":46}},"type":"binary-expr","locations":[{"start":{"line":7,"column":20},"end":{"line":7,"column":40}},{"start":{"line":7,"column":44},"end":{"line":7,"column":46}}],"line":7},"1":{"loc":{"start":{"line":18,"column":2},"end":{"line":21,"column":3}},"type":"if","locations":[{"start":{"line":18,"column":2},"end":{"line":21,"column":3}},{"start":{"line":18,"column":2},"end":{"line":21,"column":3}}],"line":18},"2":{"loc":{"start":{"line":39,"column":10},"end":{"line":45,"column":16}},"type":"cond-expr","locations":[{"start":{"line":41,"column":12},"end":{"line":43,"column":19}},{"start":{"line":45,"column":12},"end":{"line":45,"column":16}}],"line":39}},"s":{"0":1,"1":1,"2":1,"3":1,"4":1,"5":1,"6":1,"7":1,"8":1,"9":1,"10":1,"11":1,"12":1,"13":1,"14":1,"15":3,"16":1,"17":1,"18":1,"19":1,"20":3,"21":1,"22":1},"f":{"0":1,"1":3,"2":1},"b":{"0":[1,0],"1":[1,0],"2":[1,0]},"_coverageSchema":"43e27e138ebf9cfc5966b082cf9a028302ed4184","hash":"756737322b9f6a82e7d3914072b3edb62dc8acee"}
,"/Users/janicelam/Hackreactor/reservly/reviews/client/src/components/Summary.jsx": {"path":"/Users/janicelam/Hackreactor/reservly/reviews/client/src/components/Summary.jsx","statementMap":{"0":{"start":{"line":13,"column":4},"end":{"line":13,"column":17}},"1":{"start":{"line":14,"column":4},"end":{"line":15,"column":6}},"2":{"start":{"line":19,"column":44},"end":{"line":19,"column":54}},"3":{"start":{"line":20,"column":23},"end":{"line":20,"column":39}},"4":{"start":{"line":22,"column":4},"end":{"line":58,"column":6}},"5":{"start":{"line":62,"column":0},"end":{"line":65,"column":2}}},"fnMap":{"0":{"name":"(anonymous_0)","decl":{"start":{"line":12,"column":2},"end":{"line":12,"column":3}},"loc":{"start":{"line":12,"column":21},"end":{"line":16,"column":3}},"line":12},"1":{"name":"(anonymous_1)","decl":{"start":{"line":18,"column":2},"end":{"line":18,"column":3}},"loc":{"start":{"line":18,"column":11},"end":{"line":59,"column":3}},"line":18}},"branchMap":{"0":{"loc":{"start":{"line":20,"column":23},"end":{"line":20,"column":39}},"type":"binary-expr","locations":[{"start":{"line":20,"column":23},"end":{"line":20,"column":33}},{"start":{"line":20,"column":37},"end":{"line":20,"column":39}}],"line":20},"1":{"loc":{"start":{"line":29,"column":13},"end":{"line":29,"column":93}},"type":"cond-expr","locations":[{"start":{"line":29,"column":53},"end":{"line":29,"column":72}},{"start":{"line":29,"column":75},"end":{"line":29,"column":93}}],"line":29}},"s":{"0":1,"1":1,"2":1,"3":1,"4":1,"5":1},"f":{"0":1,"1":1},"b":{"0":[1,0],"1":[1,0]},"_coverageSchema":"43e27e138ebf9cfc5966b082cf9a028302ed4184","hash":"33075f63db63cd00e30b4407470c04bdeab37b40"}
}
